<?xml version="1.0" encoding="UTF-8"?>
<!-- Generated by org.testng.reporters.JUnitReportReporter -->
<testsuite hostname="LAPTOP-A6M36C6E" failures="0" tests="1" name="Rough.Rough" time="23.054" errors="0" timestamp="2022-02-21T23:52:11 IST" skipped="0">
  <testcase classname="Rough.Rough" name="TestYoutube" time="23.054"/>
  <system-out/>
</testsuite> <!-- Rough.Rough -->
